2023-07-10 12:43:50,757 - root - INFO - We are Opening the calculator
2023-07-10 12:43:54,966 - root - INFO - Result of 9 x 99 = 891
2023-07-10 12:45:36,304 - root - INFO - We are Opening the calculator
2023-07-10 12:45:40,416 - root - INFO - Result of 9 x 99 = 891
2023-07-10 12:53:58,648 - root - INFO - ['', '', '', '', 'Unsplash', 'Pinterest', "Woman's Day", 'Pexels', 'YouTube', 'YouTube', 'Pixabay', 'Adobe Stock', 'Freepik']
2023-07-10 12:54:43,366 - root - INFO - ['', '', '', '', 'Unsplash', 'Pinterest', "Woman's Day", 'Pexels', 'YouTube', 'Pixabay', 'Adobe', 'Freepik', 'Tenor']
2023-07-10 13:09:58,720 - root - INFO - ['', '', '', '', '750+ Cute Cat Pictures | Download Free Images on ...', '900+ Best Cute Cat ideas in 2023', '30 Cute Cat Photos That May Make You a Cat Person', 'Free Cute Cat Photos', 'Cute and Funny Cat Videos Compilation #60 | Aww Animals', 'Cute and Funny Cat Videos Compilation #16 | Aww Animals', '10000+ Free Cute Cat & Cat Images', '21651 results for "cute cat" in images', '37000+ Cute Cats Pictures']
2023-07-10 13:13:21,434 - root - INFO - ['', '', '', '', '750+ Cute Cat Pictures | Download Free Images on ...', '900+ Best Cute Cat ideas in 2023', '30 Cute Cat Photos That May Make You a Cat Person', 'Free Cute Cat Photos', 'Cute and Funny Cat Videos Compilation #60 | Aww Animals', 'Cute and Funny Cat Videos Compilation #16 | Aww Animals', '10000+ Free Cute Cat & Cat Images', '21651 results for "cute cat" in images', '37000+ Cute Cats Pictures']
2023-07-10 13:13:50,790 - root - INFO - ['', '', '', '', '750+ Cute Cat Pictures | Download Free Images on ...', '900+ Best Cute Cat ideas in 2023', '30 Cute Cat Photos That May Make You a Cat Person', 'Free Cute Cat Photos', 'Cute and Funny Cat Videos Compilation #60 | Aww Animals', 'Cute and Funny Cat Videos Compilation #16 | Aww Animals', '10000+ Free Cute Cat & Cat Images', '21651 results for "cute cat" in images', '37000+ Cute Cats Pictures']
2023-07-10 13:18:55,919 - root - INFO - ['', '', '', '', '750+ Cute Cat Pictures | Download Free Images on ...', '900+ Best Cute Cat ideas in 2023', '30 Cute Cat Photos That May Make You a Cat Person', 'Free Cute Cat Photos', 'Cute and Funny Cat Videos Compilation #60 | Aww Animals', 'Cute and Funny Cat Videos Compilation #16 | Aww Animals', '10000+ Free Cute Cat & Cat Images', '21651 results for "cute cat" in images', '37000+ Cute Cats Pictures']
2023-07-10 13:18:55,919 - root - INFO - Third Result is :750+ Cute Cat Pictures | Download Free Images on ...
2023-07-10 13:22:47,691 - root - INFO - Third Result is :750+ Cute Cat Pictures | Download Free Images on ...
2023-07-10 13:43:24,274 - root - INFO - Third Result is :750+ Cute Cat Pictures | Download Free Images on ...
2023-07-10 13:44:42,072 - root - INFO - Third Result is :750+ Cute Cat Pictures | Download Free Images on ...
2023-07-10 13:47:09,024 - root - INFO - Third Result is :750+ Cute Cat Pictures | Download Free Images on ...
2023-07-10 13:48:08,431 - root - INFO - Third Result is :750+ Cute Cat Pictures | Download Free Images on ...
2023-07-10 13:52:45,393 - root - INFO - Third Result is :750+ Cute Cat Pictures | Download Free Images on ...
2023-07-10 13:54:09,727 - root - INFO - Third Result is :750+ Cute Cat Pictures | Download Free Images on ...
2023-07-10 13:55:30,265 - root - INFO - We are Opening the calculator
2023-07-10 13:55:34,243 - root - INFO - Result of 9 x 99 = 891
2023-07-10 13:55:42,471 - root - INFO - Third Result is :750+ Cute Cat Pictures | Download Free Images on ...
2023-07-10 15:17:20,222 - root - INFO - We are Opening the calculator
2023-07-10 15:17:24,649 - root - INFO - Result of 9 x 99 = 891
2023-07-10 15:17:32,688 - root - INFO - Third Result is :750+ Cute Cat Pictures | Download Free Images on ...
2023-07-10 15:17:32,688 - root - INFO - Third Result is :750+ Cute Cat Pictures | Download Free Images on ...
